# JRE version: Java(TM) SE Runtime Environment (8.0_111-b14) (build 1.8.0_111-b14)
# Java VM: Java HotSpot(TM) 64-Bit Server VM (25.111-b14 mixed mode windows-amd64 compressed oops)
Heap:
 PSYoungGen      total 115712K, used 61948K [0x00000000d5c00000, 0x00000000df380000, 0x0000000100000000)
  eden space 108544K, 50% used [0x00000000d5c00000,0x00000000d9188e40,0x00000000dc600000)
  from space 7168K, 99% used [0x00000000dec80000,0x00000000df376320,0x00000000df380000)
  to   space 14336K, 0% used [0x00000000dd780000,0x00000000dd780000,0x00000000de580000)
 ParOldGen       total 73728K, used 19695K [0x0000000081400000, 0x0000000085c00000, 0x00000000d5c00000)
  object space 73728K, 26% used [0x0000000081400000,0x000000008273bde8,0x0000000085c00000)
 Metaspace       used 34167K, capacity 35070K, committed 35456K, reserved 1081344K
  class space    used 4175K, capacity 4456K, committed 4480K, reserved 1048576K
GC Heap History (10 events):
Event: 2.385 GC heap before
{Heap before GC invocations=3 (full 0):
 PSYoungGen      total 38400K, used 38391K [0x00000000d5c00000, 0x00000000d8680000, 0x0000000100000000)
  eden space 33280K, 100% used [0x00000000d5c00000,0x00000000d7c80000,0x00000000d7c80000)
  from space 5120K, 99% used [0x00000000d8180000,0x00000000d867dfa8,0x00000000d8680000)
  to   space 5120K, 0% used [0x00000000d7c80000,0x00000000d7c80000,0x00000000d8180000)
 ParOldGen       total 87552K, used 2462K [0x0000000081400000, 0x0000000086980000, 0x00000000d5c00000)
  object space 87552K, 2% used [0x0000000081400000,0x0000000081667a38,0x0000000086980000)
 Metaspace       used 14740K, capacity 14996K, committed 15232K, reserved 1062912K
  class space    used 1810K, capacity 1912K, committed 1920K, reserved 1048576K
Event: 2.399 GC heap after
Heap after GC invocations=3 (full 0):
 PSYoungGen      total 38400K, used 5088K [0x00000000d5c00000, 0x00000000da700000, 0x0000000100000000)
  eden space 33280K, 0% used [0x00000000d5c00000,0x00000000d5c00000,0x00000000d7c80000)
  from space 5120K, 99% used [0x00000000d7c80000,0x00000000d8178020,0x00000000d8180000)
  to   space 5120K, 0% used [0x00000000da200000,0x00000000da200000,0x00000000da700000)
 ParOldGen       total 87552K, used 4751K [0x0000000081400000, 0x0000000086980000, 0x00000000d5c00000)
  object space 87552K, 5% used [0x0000000081400000,0x00000000818a3ea0,0x0000000086980000)
 Metaspace       used 14740K, capacity 14996K, committed 15232K, reserved 1062912K
  class space    used 1810K, capacity 1912K, committed 1920K, reserved 1048576K
}
Event: 3.148 GC heap before
{Heap before GC invocations=4 (full 0):
 PSYoungGen      total 38400K, used 38368K [0x00000000d5c00000, 0x00000000da700000, 0x0000000100000000)
  eden space 33280K, 100% used [0x00000000d5c00000,0x00000000d7c80000,0x00000000d7c80000)
  from space 5120K, 99% used [0x00000000d7c80000,0x00000000d8178020,0x00000000d8180000)
  to   space 5120K, 0% used [0x00000000da200000,0x00000000da200000,0x00000000da700000)
 ParOldGen       total 87552K, used 4751K [0x0000000081400000, 0x0000000086980000, 0x00000000d5c00000)
  object space 87552K, 5% used [0x0000000081400000,0x00000000818a3ea0,0x0000000086980000)
 Metaspace       used 15768K, capacity 16164K, committed 16384K, reserved 1062912K
  class space    used 1914K, capacity 2024K, committed 2048K, reserved 1048576K
Event: 3.158 GC heap after
Heap after GC invocations=4 (full 0):
 PSYoungGen      total 71680K, used 5088K [0x00000000d5c00000, 0x00000000da700000, 0x0000000100000000)
  eden space 66560K, 0% used [0x00000000d5c00000,0x00000000d5c00000,0x00000000d9d00000)
  from space 5120K, 99% used [0x00000000da200000,0x00000000da6f8020,0x00000000da700000)
  to   space 5120K, 0% used [0x00000000d9d00000,0x00000000d9d00000,0x00000000da200000)
 ParOldGen       total 87552K, used 7288K [0x0000000081400000, 0x0000000086980000, 0x00000000d5c00000)
  object space 87552K, 8% used [0x0000000081400000,0x0000000081b1e2b0,0x0000000086980000)
 Metaspace       used 15768K, capacity 16164K, committed 16384K, reserved 1062912K
  class space    used 1914K, capacity 2024K, committed 2048K, reserved 1048576K
}
Event: 4.417 GC heap before
{Heap before GC invocations=5 (full 0):
 PSYoungGen      total 71680K, used 66457K [0x00000000d5c00000, 0x00000000da700000, 0x0000000100000000)
  eden space 66560K, 92% used [0x00000000d5c00000,0x00000000d97ee540,0x00000000d9d00000)
  from space 5120K, 99% used [0x00000000da200000,0x00000000da6f8020,0x00000000da700000)
  to   space 5120K, 0% used [0x00000000d9d00000,0x00000000d9d00000,0x00000000da200000)
 ParOldGen       total 87552K, used 7288K [0x0000000081400000, 0x0000000086980000, 0x00000000d5c00000)
  object space 87552K, 8% used [0x0000000081400000,0x0000000081b1e2b0,0x0000000086980000)
 Metaspace       used 20606K, capacity 21134K, committed 21296K, reserved 1069056K
  class space    used 2501K, capacity 2617K, committed 2688K, reserved 1048576K
Event: 4.620 GC heap after
Heap after GC invocations=5 (full 0):
 PSYoungGen      total 71680K, used 5120K [0x00000000d5c00000, 0x00000000dfb00000, 0x0000000100000000)
  eden space 66560K, 0% used [0x00000000d5c00000,0x00000000d5c00000,0x00000000d9d00000)
  from space 5120K, 100% used [0x00000000d9d00000,0x00000000da200000,0x00000000da200000)
  to   space 14848K, 0% used [0x00000000dec80000,0x00000000dec80000,0x00000000dfb00000)
 ParOldGen       total 87552K, used 17620K [0x0000000081400000, 0x0000000086980000, 0x00000000d5c00000)
  object space 87552K, 20% used [0x0000000081400000,0x0000000082535360,0x0000000086980000)
 Metaspace       used 20606K, capacity 21134K, committed 21296K, reserved 1069056K
  class space    used 2501K, capacity 2617K, committed 2688K, reserved 1048576K
}
Event: 4.620 GC heap before
{Heap before GC invocations=6 (full 1):
 PSYoungGen      total 71680K, used 5120K [0x00000000d5c00000, 0x00000000dfb00000, 0x0000000100000000)
  eden space 66560K, 0% used [0x00000000d5c00000,0x00000000d5c00000,0x00000000d9d00000)
  from space 5120K, 100% used [0x00000000d9d00000,0x00000000da200000,0x00000000da200000)
  to   space 14848K, 0% used [0x00000000dec80000,0x00000000dec80000,0x00000000dfb00000)
 ParOldGen       total 87552K, used 17620K [0x0000000081400000, 0x0000000086980000, 0x00000000d5c00000)
  object space 87552K, 20% used [0x0000000081400000,0x0000000082535360,0x0000000086980000)
 Metaspace       used 20606K, capacity 21134K, committed 21296K, reserved 1069056K
  class space    used 2501K, capacity 2617K, committed 2688K, reserved 1048576K
Event: 4.724 GC heap after
Heap after GC invocations=6 (full 1):
 PSYoungGen      total 71680K, used 0K [0x00000000d5c00000, 0x00000000dfb00000, 0x0000000100000000)
  eden space 66560K, 0% used [0x00000000d5c00000,0x00000000d5c00000,0x00000000d9d00000)
  from space 5120K, 0% used [0x00000000d9d00000,0x00000000d9d00000,0x00000000da200000)
  to   space 14848K, 0% used [0x00000000dec80000,0x00000000dec80000,0x00000000dfb00000)
 ParOldGen       total 73728K, used 19687K [0x0000000081400000, 0x0000000085c00000, 0x00000000d5c00000)
  object space 73728K, 26% used [0x0000000081400000,0x0000000082739de8,0x0000000085c00000)
 Metaspace       used 20606K, capacity 21134K, committed 21296K, reserved 1069056K
  class space    used 2501K, capacity 2617K, committed 2688K, reserved 1048576K
}
Event: 6.254 GC heap before
{Heap before GC invocations=7 (full 1):
 PSYoungGen      total 71680K, used 66560K [0x00000000d5c00000, 0x00000000dfb00000, 0x0000000100000000)
  eden space 66560K, 100% used [0x00000000d5c00000,0x00000000d9d00000,0x00000000d9d00000)
  from space 5120K, 0% used [0x00000000d9d00000,0x00000000d9d00000,0x00000000da200000)
  to   space 14848K, 0% used [0x00000000dec80000,0x00000000dec80000,0x00000000dfb00000)
 ParOldGen       total 73728K, used 19687K [0x0000000081400000, 0x0000000085c00000, 0x00000000d5c00000)
  object space 73728K, 26% used [0x0000000081400000,0x0000000082739de8,0x0000000085c00000)
 Metaspace       used 25453K, capacity 26278K, committed 26496K, reserved 1073152K
  class space    used 3092K, capacity 3344K, committed 3456K, reserved 1048576K
Event: 6.281 GC heap after
Heap after GC invocations=7 (full 1):
 PSYoungGen      total 115712K, used 7128K [0x00000000d5c00000, 0x00000000df380000, 0x0000000100000000)
  eden space 108544K, 0% used [0x00000000d5c00000,0x00000000d5c00000,0x00000000dc600000)
  from space 7168K, 99% used [0x00000000dec80000,0x00000000df376320,0x00000000df380000)
  to   space 14336K, 0% used [0x00000000dd780000,0x00000000dd780000,0x00000000de580000)
 ParOldGen       total 73728K, used 19695K [0x0000000081400000, 0x0000000085c00000, 0x00000000d5c00000)
  object space 73728K, 26% used [0x0000000081400000,0x000000008273bde8,0x0000000085c00000)
 Metaspace       used 25453K, capacity 26278K, committed 26496K, reserved 1073152K
  class space    used 3092K, capacity 3344K, committed 3456K, reserved 1048576K
}

